<?xml version="1.0" encoding="UTF-8"?>
<testsuite xmlns:xsi="http://www.w3.org/2001/XMLSchema-instance" xsi:noNamespaceSchemaLocation="https://maven.apache.org/surefire/maven-surefire-plugin/xsd/surefire-test-report-3.0.xsd" version="3.0" name="fr._42.numbers.NumberWorkerTest" time="0.167" tests="21" errors="0" skipped="0" failures="0">
  <properties>
    <property name="java.specification.version" value="21"/>
    <property name="sun.jnu.encoding" value="UTF-8"/>
    <property name="java.class.path" value="/Users/wa5ina/porn/42/Java-Intro/day06/ex03/Tests-folder/Tests/target/test-classes:/Users/wa5ina/porn/42/Java-Intro/day06/ex03/Tests-folder/Tests/target/classes:/Users/wa5ina/.m2/repository/javax/persistence/javax.persistence-api/2.2/javax.persistence-api-2.2.jar:/Users/wa5ina/.m2/repository/org/mockito/mockito-core/5.7.0/mockito-core-5.7.0.jar:/Users/wa5ina/.m2/repository/net/bytebuddy/byte-buddy/1.14.9/byte-buddy-1.14.9.jar:/Users/wa5ina/.m2/repository/net/bytebuddy/byte-buddy-agent/1.14.9/byte-buddy-agent-1.14.9.jar:/Users/wa5ina/.m2/repository/org/objenesis/objenesis/3.3/objenesis-3.3.jar:/Users/wa5ina/.m2/repository/org/springframework/spring-jdbc/6.1.1/spring-jdbc-6.1.1.jar:/Users/wa5ina/.m2/repository/org/springframework/spring-beans/6.1.1/spring-beans-6.1.1.jar:/Users/wa5ina/.m2/repository/org/springframework/spring-core/6.1.1/spring-core-6.1.1.jar:/Users/wa5ina/.m2/repository/org/springframework/spring-jcl/6.1.1/spring-jcl-6.1.1.jar:/Users/wa5ina/.m2/repository/org/springframework/spring-tx/6.1.1/spring-tx-6.1.1.jar:/Users/wa5ina/.m2/repository/org/hsqldb/hsqldb/2.7.2/hsqldb-2.7.2.jar:/Users/wa5ina/.m2/repository/org/junit/jupiter/junit-jupiter-engine/5.10.1/junit-jupiter-engine-5.10.1.jar:/Users/wa5ina/.m2/repository/org/junit/platform/junit-platform-engine/1.10.1/junit-platform-engine-1.10.1.jar:/Users/wa5ina/.m2/repository/org/apiguardian/apiguardian-api/1.1.2/apiguardian-api-1.1.2.jar:/Users/wa5ina/.m2/repository/org/junit/jupiter/junit-jupiter-api/5.10.1/junit-jupiter-api-5.10.1.jar:/Users/wa5ina/.m2/repository/org/opentest4j/opentest4j/1.3.0/opentest4j-1.3.0.jar:/Users/wa5ina/.m2/repository/org/junit/platform/junit-platform-commons/1.10.1/junit-platform-commons-1.10.1.jar:/Users/wa5ina/.m2/repository/org/junit/jupiter/junit-jupiter-params/5.10.1/junit-jupiter-params-5.10.1.jar:"/>
    <property name="java.vm.vendor" value="Homebrew"/>
    <property name="sun.arch.data.model" value="64"/>
    <property name="java.vendor.url" value="https://github.com/Homebrew/homebrew-core/issues"/>
    <property name="os.name" value="Mac OS X"/>
    <property name="java.vm.specification.version" value="21"/>
    <property name="sun.java.launcher" value="SUN_STANDARD"/>
    <property name="user.country" value="GB"/>
    <property name="sun.boot.library.path" value="/opt/homebrew/Cellar/openjdk/21.0.1/libexec/openjdk.jdk/Contents/Home/lib"/>
    <property name="sun.java.command" value="/Users/wa5ina/porn/42/Java-Intro/day06/ex03/Tests-folder/Tests/target/surefire/surefirebooter-20231127224013407_3.jar /Users/wa5ina/porn/42/Java-Intro/day06/ex03/Tests-folder/Tests/target/surefire 2023-11-27T22-40-13_357-jvmRun1 surefire-20231127224013407_1tmp surefire_0-20231127224013407_2tmp"/>
    <property name="http.nonProxyHosts" value="local|*.local|169.254/16|*.169.254/16"/>
    <property name="jdk.debug" value="release"/>
    <property name="surefire.test.class.path" value="/Users/wa5ina/porn/42/Java-Intro/day06/ex03/Tests-folder/Tests/target/test-classes:/Users/wa5ina/porn/42/Java-Intro/day06/ex03/Tests-folder/Tests/target/classes:/Users/wa5ina/.m2/repository/javax/persistence/javax.persistence-api/2.2/javax.persistence-api-2.2.jar:/Users/wa5ina/.m2/repository/org/mockito/mockito-core/5.7.0/mockito-core-5.7.0.jar:/Users/wa5ina/.m2/repository/net/bytebuddy/byte-buddy/1.14.9/byte-buddy-1.14.9.jar:/Users/wa5ina/.m2/repository/net/bytebuddy/byte-buddy-agent/1.14.9/byte-buddy-agent-1.14.9.jar:/Users/wa5ina/.m2/repository/org/objenesis/objenesis/3.3/objenesis-3.3.jar:/Users/wa5ina/.m2/repository/org/springframework/spring-jdbc/6.1.1/spring-jdbc-6.1.1.jar:/Users/wa5ina/.m2/repository/org/springframework/spring-beans/6.1.1/spring-beans-6.1.1.jar:/Users/wa5ina/.m2/repository/org/springframework/spring-core/6.1.1/spring-core-6.1.1.jar:/Users/wa5ina/.m2/repository/org/springframework/spring-jcl/6.1.1/spring-jcl-6.1.1.jar:/Users/wa5ina/.m2/repository/org/springframework/spring-tx/6.1.1/spring-tx-6.1.1.jar:/Users/wa5ina/.m2/repository/org/hsqldb/hsqldb/2.7.2/hsqldb-2.7.2.jar:/Users/wa5ina/.m2/repository/org/junit/jupiter/junit-jupiter-engine/5.10.1/junit-jupiter-engine-5.10.1.jar:/Users/wa5ina/.m2/repository/org/junit/platform/junit-platform-engine/1.10.1/junit-platform-engine-1.10.1.jar:/Users/wa5ina/.m2/repository/org/apiguardian/apiguardian-api/1.1.2/apiguardian-api-1.1.2.jar:/Users/wa5ina/.m2/repository/org/junit/jupiter/junit-jupiter-api/5.10.1/junit-jupiter-api-5.10.1.jar:/Users/wa5ina/.m2/repository/org/opentest4j/opentest4j/1.3.0/opentest4j-1.3.0.jar:/Users/wa5ina/.m2/repository/org/junit/platform/junit-platform-commons/1.10.1/junit-platform-commons-1.10.1.jar:/Users/wa5ina/.m2/repository/org/junit/jupiter/junit-jupiter-params/5.10.1/junit-jupiter-params-5.10.1.jar:"/>
    <property name="sun.cpu.endian" value="little"/>
    <property name="user.home" value="/Users/wa5ina"/>
    <property name="user.language" value="en"/>
    <property name="java.specification.vendor" value="Oracle Corporation"/>
    <property name="java.version.date" value="2023-10-17"/>
    <property name="java.home" value="/opt/homebrew/Cellar/openjdk/21.0.1/libexec/openjdk.jdk/Contents/Home"/>
    <property name="file.separator" value="/"/>
    <property name="basedir" value="/Users/wa5ina/porn/42/Java-Intro/day06/ex03/Tests-folder/Tests"/>
    <property name="java.vm.compressedOopsMode" value="Zero based"/>
    <property name="line.separator" value="&#10;"/>
    <property name="java.vm.specification.vendor" value="Oracle Corporation"/>
    <property name="java.specification.name" value="Java Platform API Specification"/>
    <property name="apple.awt.application.name" value="ForkedBooter"/>
    <property name="surefire.real.class.path" value="/Users/wa5ina/porn/42/Java-Intro/day06/ex03/Tests-folder/Tests/target/surefire/surefirebooter-20231127224013407_3.jar"/>
    <property name="sun.management.compiler" value="HotSpot 64-Bit Tiered Compilers"/>
    <property name="ftp.nonProxyHosts" value="local|*.local|169.254/16|*.169.254/16"/>
    <property name="java.runtime.version" value="21.0.1"/>
    <property name="user.name" value="wa5ina"/>
    <property name="stdout.encoding" value="UTF-8"/>
    <property name="path.separator" value=":"/>
    <property name="os.version" value="14.2"/>
    <property name="java.runtime.name" value="OpenJDK Runtime Environment"/>
    <property name="file.encoding" value="UTF-8"/>
    <property name="java.vm.name" value="OpenJDK 64-Bit Server VM"/>
    <property name="java.vendor.version" value="Homebrew"/>
    <property name="localRepository" value="/Users/wa5ina/.m2/repository"/>
    <property name="java.vendor.url.bug" value="https://github.com/Homebrew/homebrew-core/issues"/>
    <property name="java.io.tmpdir" value="/var/folders/bb/m36m88115kn41z07v4rb9j900000gn/T/"/>
    <property name="java.version" value="21.0.1"/>
    <property name="user.dir" value="/Users/wa5ina/porn/42/Java-Intro/day06/ex03/Tests-folder/Tests"/>
    <property name="os.arch" value="aarch64"/>
    <property name="java.vm.specification.name" value="Java Virtual Machine Specification"/>
    <property name="native.encoding" value="UTF-8"/>
    <property name="java.library.path" value="/Users/wa5ina/Library/Java/Extensions:/Library/Java/Extensions:/Network/Library/Java/Extensions:/System/Library/Java/Extensions:/usr/lib/java:."/>
    <property name="java.vm.info" value="mixed mode, sharing"/>
    <property name="stderr.encoding" value="UTF-8"/>
    <property name="java.vendor" value="Homebrew"/>
    <property name="java.vm.version" value="21.0.1"/>
    <property name="sun.io.unicode.encoding" value="UnicodeBig"/>
    <property name="socksNonProxyHosts" value="local|*.local|169.254/16|*.169.254/16"/>
    <property name="java.class.version" value="65.0"/>
  </properties>
  <testcase name="isPrimeForNotPrimes" classname="fr._42.numbers.NumberWorkerTest" time="0.016"/>
  <testcase name="digitsum(int, int)[1]" classname="fr._42.numbers.NumberWorkerTest" time="0.014"/>
  <testcase name="digitsum(int, int)[2]" classname="fr._42.numbers.NumberWorkerTest" time="0.001"/>
  <testcase name="digitsum(int, int)[3]" classname="fr._42.numbers.NumberWorkerTest" time="0.0"/>
  <testcase name="digitsum(int, int)[4]" classname="fr._42.numbers.NumberWorkerTest" time="0.001"/>
  <testcase name="digitsum(int, int)[5]" classname="fr._42.numbers.NumberWorkerTest" time="0.001"/>
  <testcase name="digitsum(int, int)[6]" classname="fr._42.numbers.NumberWorkerTest" time="0.001"/>
  <testcase name="digitsum(int, int)[7]" classname="fr._42.numbers.NumberWorkerTest" time="0.0"/>
  <testcase name="digitsum(int, int)[8]" classname="fr._42.numbers.NumberWorkerTest" time="0.001"/>
  <testcase name="digitsum(int, int)[9]" classname="fr._42.numbers.NumberWorkerTest" time="0.001"/>
  <testcase name="digitsum(int, int)[10]" classname="fr._42.numbers.NumberWorkerTest" time="0.0"/>
  <testcase name="digitsum(int, int)[11]" classname="fr._42.numbers.NumberWorkerTest" time="0.001"/>
  <testcase name="digitsum(int, int)[12]" classname="fr._42.numbers.NumberWorkerTest" time="0.001"/>
  <testcase name="isPrimeForPrimes(int)[1]" classname="fr._42.numbers.NumberWorkerTest" time="0.007"/>
  <testcase name="isPrimeForPrimes(int)[2]" classname="fr._42.numbers.NumberWorkerTest" time="0.001"/>
  <testcase name="isPrimeForPrimes(int)[3]" classname="fr._42.numbers.NumberWorkerTest" time="0.0"/>
  <testcase name="isPrimeForPrimes(int)[4]" classname="fr._42.numbers.NumberWorkerTest" time="0.032"/>
  <testcase name="isPrimeForPrimes(int)[5]" classname="fr._42.numbers.NumberWorkerTest" time="0.032"/>
  <testcase name="isPrimeForIncorrectNumbers(int)[1]" classname="fr._42.numbers.NumberWorkerTest" time="0.0"/>
  <testcase name="isPrimeForIncorrectNumbers(int)[2]" classname="fr._42.numbers.NumberWorkerTest" time="0.0"/>
  <testcase name="isPrimeForIncorrectNumbers(int)[3]" classname="fr._42.numbers.NumberWorkerTest" time="0.001"/>
</testsuite>